<?xml version="1.0" encoding="UTF-8"?>
<testng-results ignored="0" total="1" passed="1" failed="0" skipped="0">
  <reporter-output>
  </reporter-output>
  <suite started-at="2024-01-29T14:19:55 EST" name="Suite" finished-at="2024-01-29T14:20:00 EST" duration-ms="4597">
    <groups>
    </groups>
    <test started-at="2024-01-29T14:19:55 EST" name="Test" finished-at="2024-01-29T14:20:00 EST" duration-ms="4597">
      <class name="com.testautomation.apitesting.test.EndToEndAPITest">
        <test-method is-config="true" signature="beforeMethod()[pri:0, instance:com.testautomation.apitesting.test.EndToEndAPITest@1b6e1eff]" started-at="2024-01-29T14:19:55 EST" name="beforeMethod" finished-at="2024-01-29T14:19:56 EST" duration-ms="511" status="PASS">
          <reporter-output>
          </reporter-output>
        </test-method> <!-- beforeMethod -->
        <test-method signature="e2eAPIRequest()[pri:0, instance:com.testautomation.apitesting.test.EndToEndAPITest@1b6e1eff]" started-at="2024-01-29T14:19:56 EST" name="e2eAPIRequest" finished-at="2024-01-29T14:20:00 EST" duration-ms="4039" status="PASS">
          <reporter-output>
          </reporter-output>
        </test-method> <!-- e2eAPIRequest -->
      </class> <!-- com.testautomation.apitesting.test.EndToEndAPITest -->
    </test> <!-- Test -->
  </suite> <!-- Suite -->
</testng-results>
